app/build/outputs/logs/manifest-merger-debug-report.txt
-- Merging decision tree log ---
manifest
ADDED from src/main/AndroidManifest.xml:2:1-57:12
	package
		ADDED from src/main/AndroidManifest.xml:3:5-35
		INJECTED from src/main/AndroidManifest.xml
		INJECTED from src/main/AndroidManifest.xml
	android:versionName
		INJECTED from src/main/AndroidManifest.xml
		INJECTED from src/main/AndroidManifest.xml
	xmlns:android
		ADDED from src/main/AndroidManifest.xml:2:11-69
	android:versionCode
		INJECTED from src/main/AndroidManifest.xml
		INJECTED from src/main/AndroidManifest.xml
uses-permission#android.permission.INTERNET
ADDED from src/main/AndroidManifest.xml:6:5-67
MERGED from [NetEasyMusic-dev_-:left_library:unspecified] AndroidManifest.xml:13:5-67
	android:name
		ADDED from src/main/AndroidManifest.xml:6:22-64
uses-permission#android.permission.ACCESS_NETWORK_STATE
ADDED from src/main/AndroidManifest.xml:8:5-79
MERGED from [NetEasyMusic-dev_-:left_library:unspecified] AndroidManifest.xml:15:5-79
	android:name
		ADDED from src/main/AndroidManifest.xml:8:22-76
uses-permission#android.permission.CHANGE_NETWORK_STATE
ADDED from src/main/AndroidManifest.xml:9:5-79
MERGED from [NetEasyMusic-dev_-:left_library:unspecified] AndroidManifest.xml:16:5-79
	android:name
		ADDED from src/main/AndroidManifest.xml:9:22-76
uses-permission#android.permission.WRITE_EXTERNAL_STORAGE
ADDED from src/main/AndroidManifest.xml:11:5-81
MERGED from [NetEasyMusic-dev_-:left_library:unspecified] AndroidManifest.xml:18:5-81
	android:name
		ADDED from src/main/AndroidManifest.xml:11:22-78
uses-permission#android.permission.READ_EXTERNAL_STORAGE
ADDED from src/main/AndroidManifest.xml:12:5-80
MERGED from [NetEasyMusic-dev_-:left_library:unspecified] AndroidManifest.xml:19:5-80
	android:name
		ADDED from src/main/AndroidManifest.xml:12:22-77
uses-permission#android.permission.BIND_VOICE_INTERACTION
ADDED from src/main/AndroidManifest.xml:13:5-81
	android:name
		ADDED from src/main/AndroidManifest.xml:13:22-78
uses-permission#android.permission.VIBRATE
ADDED from src/main/AndroidManifest.xml:15:5-66
MERGED from [NetEasyMusic-dev_-:left_library:unspecified] AndroidManifest.xml:21:5-66
	android:name
		ADDED from src/main/AndroidManifest.xml:15:22-63
uses-permission#android.permission.CHANGE_WIFI_STATE
ADDED from src/main/AndroidManifest.xml:16:5-76
MERGED from [NetEasyMusic-dev_-:left_library:unspecified] AndroidManifest.xml:22:5-76
	android:name
		ADDED from src/main/AndroidManifest.xml:16:22-73
uses-permission#android.permission.ACCESS_WIFI_STATE
ADDED from src/main/AndroidManifest.xml:17:5-76
MERGED from [NetEasyMusic-dev_-:left_library:unspecified] AndroidManifest.xml:23:5-76
	android:name
		ADDED from src/main/AndroidManifest.xml:17:22-73
application
ADDED from src/main/AndroidManifest.xml:19:5-55:19
MERGED from [NetEasyMusic-dev_-:left_library:unspecified] AndroidManifest.xml:26:5-58:19
MERGED from [cn.bmob.android:bmob-sdk:3.5.3] AndroidManifest.xml:11:5-14:19
MERGED from [com.android.support:design:25.3.1] AndroidManifest.xml:29:5-20
MERGED from [com.android.support:transition:25.3.1] AndroidManifest.xml:26:5-20
MERGED from [de.hdodenhof:circleimageview:2.1.0] AndroidManifest.xml:9:5-20
MERGED from [com.android.support.constraint:constraint-layout:1.0.2] AndroidManifest.xml:9:5-20
MERGED from [com.android.support:cardview-v7:25.3.1] AndroidManifest.xml:26:5-20
MERGED from [com.android.support:appcompat-v7:25.3.1] AndroidManifest.xml:29:5-20
MERGED from [com.android.support:support-v4:25.3.1] AndroidManifest.xml:29:5-20
MERGED from [com.android.support:support-fragment:25.3.1] AndroidManifest.xml:29:5-20
MERGED from [com.android.support:support-media-compat:25.3.1] AndroidManifest.xml:29:5-20
MERGED from [com.android.support:support-core-utils:25.3.1] AndroidManifest.xml:29:5-20
MERGED from [com.android.support:animated-vector-drawable:25.3.1] AndroidManifest.xml:26:5-20
MERGED from [com.android.support:support-vector-drawable:25.3.1] AndroidManifest.xml:26:5-20
MERGED from [com.github.CymChad:BaseRecyclerViewAdapterHelper:v1.9.7] AndroidManifest.xml:11:5-14:19
MERGED from [com.android.support:support-core-ui:25.3.1] AndroidManifest.xml:29:5-20
MERGED from [com.android.support:support-compat:25.3.1] AndroidManifest.xml:29:5-20
	android:label
		ADDED from src/main/AndroidManifest.xml:23:9-41
	android:supportsRtl
		ADDED from src/main/AndroidManifest.xml:26:9-35
	android:hardwareAccelerated
		ADDED from src/main/AndroidManifest.xml:21:9-44
	android:roundIcon
		ADDED from src/main/AndroidManifest.xml:25:9-54
	android:allowBackup
		ADDED from src/main/AndroidManifest.xml:20:9-35
	android:icon
		ADDED from src/main/AndroidManifest.xml:22:9-43
	android:largeHeap
		ADDED from src/main/AndroidManifest.xml:24:9-33
	android:theme
		ADDED from src/main/AndroidManifest.xml:27:9-40
	android:name
		ADDED from [NetEasyMusic-dev_-:left_library:unspecified] AndroidManifest.xml:27:9-71
activity#t3.henu.neteasymusic.WelcomeActivity
ADDED from src/main/AndroidManifest.xml:28:9-34:20
	android:name
		ADDED from src/main/AndroidManifest.xml:28:19-50
intent-filter#android.intent.action.MAIN+android.intent.category.LAUNCHER
ADDED from src/main/AndroidManifest.xml:29:13-33:29
action#android.intent.action.MAIN
ADDED from src/main/AndroidManifest.xml:30:17-69
	android:name
		ADDED from src/main/AndroidManifest.xml:30:25-66
category#android.intent.category.LAUNCHER
ADDED from src/main/AndroidManifest.xml:32:17-77
	android:name
		ADDED from src/main/AndroidManifest.xml:32:27-74
activity#t3.henu.neteasymusic.appMain_drawerlayout_start.LogInactivity
ADDED from src/main/AndroidManifest.xml:35:9-78
	android:name
		ADDED from src/main/AndroidManifest.xml:35:19-75
activity#t3.henu.neteasymusic.appMain_drawerlayout_start.RegistActivity
ADDED from src/main/AndroidManifest.xml:36:9-79
	android:name
		ADDED from src/main/AndroidManifest.xml:36:19-76
activity#t3.henu.neteasymusic.MainActivity
ADDED from src/main/AndroidManifest.xml:37:9-50
	android:name
		ADDED from src/main/AndroidManifest.xml:37:19-47
activity#t3.henu.left_library.GYB_solve.MainActivity
ADDED from src/main/AndroidManifest.xml:38:9-80
MERGED from [NetEasyMusic-dev_-:left_library:unspecified] AndroidManifest.xml:34:9-80
	android:name
		ADDED from src/main/AndroidManifest.xml:38:19-77
receiver#t3.henu.neteasymusic.PlayReceive
ADDED from src/main/AndroidManifest.xml:40:9-47:20
	android:enabled
		ADDED from src/main/AndroidManifest.xml:42:13-35
	android:exported
		ADDED from src/main/AndroidManifest.xml:43:13-36
	android:name
		ADDED from src/main/AndroidManifest.xml:41:13-40
intent-filter#gyb.ne.play_music.play
ADDED from src/main/AndroidManifest.xml:44:13-46:29
action#gyb.ne.play_music.play
ADDED from src/main/AndroidManifest.xml:45:17-65
	android:name
		ADDED from src/main/AndroidManifest.xml:45:25-62
activity#t3.henu.neteasymusic.SettingActivity
ADDED from src/main/AndroidManifest.xml:49:9-62
	android:name
		ADDED from src/main/AndroidManifest.xml:49:19-50
service#t3.henu.neteasymusic.AlarmService
ADDED from src/main/AndroidManifest.xml:50:9-48
	android:name
		ADDED from src/main/AndroidManifest.xml:50:18-46
receiver#t3.henu.neteasymusic.AlarmReceiver
ADDED from src/main/AndroidManifest.xml:53:9-54:20
	android:name
		ADDED from src/main/AndroidManifest.xml:53:19-48
uses-sdk
INJECTED from src/main/AndroidManifest.xml reason: use-sdk injection requested
MERGED from [NetEasyMusic-dev_-:left_library:unspecified] AndroidManifest.xml:7:5-9:41
MERGED from [com.android.support:multidex:1.0.1] AndroidManifest.xml:18:5-42
MERGED from [cn.bmob.android:bmob-sdk:3.5.3] AndroidManifest.xml:7:5-9:41
MERGED from [com.zhy:okhttputils:2.6.2] AndroidManifest.xml:7:5-9:41
MERGED from [com.android.support:design:25.3.1] AndroidManifest.xml:21:5-23:62
MERGED from [com.android.support:transition:25.3.1] AndroidManifest.xml:20:5-44
MERGED from [de.hdodenhof:circleimageview:2.1.0] AndroidManifest.xml:5:5-7:41
MERGED from [com.android.support.constraint:constraint-layout:1.0.2] AndroidManifest.xml:5:5-7:41
MERGED from [com.android.support:cardview-v7:25.3.1] AndroidManifest.xml:20:5-43
MERGED from [com.android.support:appcompat-v7:25.3.1] AndroidManifest.xml:21:5-23:78
MERGED from [com.android.support:support-v4:25.3.1] AndroidManifest.xml:21:5-23:54
MERGED from [com.android.support:support-fragment:25.3.1] AndroidManifest.xml:21:5-23:60
MERGED from [com.android.support:support-media-compat:25.3.1] AndroidManifest.xml:21:5-23:63
MERGED from [com.android.support:support-core-utils:25.3.1] AndroidManifest.xml:21:5-23:61
MERGED from [com.android.support:animated-vector-drawable:25.3.1] AndroidManifest.xml:20:5-44
MERGED from [com.android.support:support-vector-drawable:25.3.1] AndroidManifest.xml:20:5-43
MERGED from [com.github.CymChad:BaseRecyclerViewAdapterHelper:v1.9.7] AndroidManifest.xml:7:5-9:41
MERGED from [com.android.support:recyclerview-v7:25.3.1] AndroidManifest.xml:20:5-43
MERGED from [com.android.support:support-core-ui:25.3.1] AndroidManifest.xml:21:5-23:58
MERGED from [com.android.support:support-compat:25.3.1] AndroidManifest.xml:21:5-23:58
MERGED from [com.makeramen:roundedimageview:2.3.0] AndroidManifest.xml:7:5-43
	tools:overrideLibrary
		ADDED from [com.android.support:design:25.3.1] AndroidManifest.xml:23:9-59
	android:targetSdkVersion
		INJECTED from src/main/AndroidManifest.xml
		INJECTED from src/main/AndroidManifest.xml
	android:minSdkVersion
		INJECTED from src/main/AndroidManifest.xml
		INJECTED from src/main/AndroidManifest.xml
uses-permission#android.permission.READ_SMS
ADDED from [NetEasyMusic-dev_-:left_library:unspecified] AndroidManifest.xml:11:5-67
	android:name
		ADDED from [NetEasyMusic-dev_-:left_library:unspecified] AndroidManifest.xml:11:22-64
uses-permission#android.permission.MOUNT_UNMOUNT_FILESYSTEMS
ADDED from [NetEasyMusic-dev_-:left_library:unspecified] AndroidManifest.xml:24:5-84
	android:name
		ADDED from [NetEasyMusic-dev_-:left_library:unspecified] AndroidManifest.xml:24:22-81
activity#t3.henu.left_library.GYB_solve.Activities.MyMusic
ADDED from [NetEasyMusic-dev_-:left_library:unspecified] AndroidManifest.xml:35:9-86
	android:name
		ADDED from [NetEasyMusic-dev_-:left_library:unspecified] AndroidManifest.xml:35:19-83
activity#t3.henu.left_library.YHQ_solve.clickBillboard.OnlineMusicActivity
ADDED from [NetEasyMusic-dev_-:left_library:unspecified] AndroidManifest.xml:36:9-102
	android:name
		ADDED from [NetEasyMusic-dev_-:left_library:unspecified] AndroidManifest.xml:36:19-99
receiver#t3.henu.left_library.GYB_solve.Brodecast.PlayMusic_Receiver
ADDED from [NetEasyMusic-dev_-:left_library:unspecified] AndroidManifest.xml:38:9-45:20
	android:enabled
		ADDED from [NetEasyMusic-dev_-:left_library:unspecified] AndroidManifest.xml:40:13-35
	android:exported
		ADDED from [NetEasyMusic-dev_-:left_library:unspecified] AndroidManifest.xml:41:13-36
	android:name
		ADDED from [NetEasyMusic-dev_-:left_library:unspecified] AndroidManifest.xml:39:13-87
service#t3.henu.left_library.GYB_solve.Services.PlayService
ADDED from [NetEasyMusic-dev_-:left_library:unspecified] AndroidManifest.xml:47:9-50:39
	android:enabled
		ADDED from [NetEasyMusic-dev_-:left_library:unspecified] AndroidManifest.xml:49:13-35
	android:exported
		ADDED from [NetEasyMusic-dev_-:left_library:unspecified] AndroidManifest.xml:50:13-36
	android:name
		ADDED from [NetEasyMusic-dev_-:left_library:unspecified] AndroidManifest.xml:48:13-79
activity#t3.henu.left_library.YYN_solve.NewSongActivity
ADDED from [NetEasyMusic-dev_-:left_library:unspecified] AndroidManifest.xml:52:9-83
	android:name
		ADDED from [NetEasyMusic-dev_-:left_library:unspecified] AndroidManifest.xml:52:19-80
activity#t3.henu.left_library.GYB_solve.Activities.NetWork.SearchActivity
ADDED from [NetEasyMusic-dev_-:left_library:unspecified] AndroidManifest.xml:53:9-101
	android:name
		ADDED from [NetEasyMusic-dev_-:left_library:unspecified] AndroidManifest.xml:53:19-98
activity#t3.henu.left_library.GYB_solve.Activities.NetWork.SearchResult
ADDED from [NetEasyMusic-dev_-:left_library:unspecified] AndroidManifest.xml:54:9-99
	android:name
		ADDED from [NetEasyMusic-dev_-:left_library:unspecified] AndroidManifest.xml:54:19-96
activity#t3.henu.left_library.GYB_solve.PlayActivity
ADDED from [NetEasyMusic-dev_-:left_library:unspecified] AndroidManifest.xml:55:9-80
	android:name
		ADDED from [NetEasyMusic-dev_-:left_library:unspecified] AndroidManifest.xml:55:19-77
activity#t3.henu.left_library.XPD_solve.MainActivity_XPD
ADDED from [NetEasyMusic-dev_-:left_library:unspecified] AndroidManifest.xml:56:9-84
	android:name
		ADDED from [NetEasyMusic-dev_-:left_library:unspecified] AndroidManifest.xml:56:19-81
activity#t3.henu.left_library.XPD_solve.Main2Activity
ADDED from [NetEasyMusic-dev_-:left_library:unspecified] AndroidManifest.xml:57:9-81
	android:name
		ADDED from [NetEasyMusic-dev_-:left_library:unspecified] AndroidManifest.xml:57:19-78
meta-data#android.support.VERSION
ADDED from [com.android.support:design:25.3.1] AndroidManifest.xml:25:5-27:34
MERGED from [com.android.support:transition:25.3.1] AndroidManifest.xml:22:5-24:34
MERGED from [com.android.support:cardview-v7:25.3.1] AndroidManifest.xml:22:5-24:34
MERGED from [com.android.support:appcompat-v7:25.3.1] AndroidManifest.xml:25:5-27:34
MERGED from [com.android.support:support-v4:25.3.1] AndroidManifest.xml:25:5-27:34
MERGED from [com.android.support:support-fragment:25.3.1] AndroidManifest.xml:25:5-27:34
MERGED from [com.android.support:support-media-compat:25.3.1] AndroidManifest.xml:25:5-27:34
MERGED from [com.android.support:support-core-utils:25.3.1] AndroidManifest.xml:25:5-27:34
MERGED from [com.android.support:animated-vector-drawable:25.3.1] AndroidManifest.xml:22:5-24:34
MERGED from [com.android.support:support-vector-drawable:25.3.1] AndroidManifest.xml:22:5-24:34
MERGED from [com.android.support:recyclerview-v7:25.3.1] AndroidManifest.xml:22:5-24:34
MERGED from [com.android.support:support-core-ui:25.3.1] AndroidManifest.xml:25:5-27:34
MERGED from [com.android.support:support-compat:25.3.1] AndroidManifest.xml:25:5-27:34
	android:value
		ADDED from [com.android.support:design:25.3.1] AndroidManifest.xml:27:9-31
	android:name
		ADDED from [com.android.support:design:25.3.1] AndroidManifest.xml:26:9-47